[0.508s] Invoking command in '/home/albertomiranda/Documents/github/ponderada4m8/pacote': PYTHONPATH=/home/albertomiranda/Documents/github/ponderada4m8/build/pacote/prefix_override:/home/albertomiranda/Documents/github/ponderada4m8/install/pacote/lib/python3.10/site-packages:${PYTHONPATH} /usr/bin/python3 setup.py egg_info --egg-base ../build/pacote build --build-base /home/albertomiranda/Documents/github/ponderada4m8/build/pacote/build install --record /home/albertomiranda/Documents/github/ponderada4m8/build/pacote/install.log --single-version-externally-managed
[0.705s] running egg_info
[0.706s] writing ../build/pacote/pacote.egg-info/PKG-INFO
[0.706s] writing dependency_links to ../build/pacote/pacote.egg-info/dependency_links.txt
[0.706s] writing entry points to ../build/pacote/pacote.egg-info/entry_points.txt
[0.706s] writing requirements to ../build/pacote/pacote.egg-info/requires.txt
[0.706s] writing top-level names to ../build/pacote/pacote.egg-info/top_level.txt
[0.707s] reading manifest file '../build/pacote/pacote.egg-info/SOURCES.txt'
[0.708s] writing manifest file '../build/pacote/pacote.egg-info/SOURCES.txt'
[0.708s] running build
[0.708s] running build_py
[0.708s] /usr/lib/python3/dist-packages/setuptools/command/install.py:34: SetuptoolsDeprecationWarning: setup.py install is deprecated. Use build and pip and other standards-based tools.
[0.708s]   warnings.warn(
[0.708s] running install
[0.708s] running install_lib
[0.709s] running install_data
[0.709s] running install_egg_info
[0.711s] removing '/home/albertomiranda/Documents/github/ponderada4m8/install/pacote/lib/python3.10/site-packages/pacote-0.0.0-py3.10.egg-info' (and everything under it)
[0.711s] Copying ../build/pacote/pacote.egg-info to /home/albertomiranda/Documents/github/ponderada4m8/install/pacote/lib/python3.10/site-packages/pacote-0.0.0-py3.10.egg-info
[0.711s] running install_scripts
[0.725s] Installing chat_bot script to /home/albertomiranda/Documents/github/ponderada4m8/install/pacote/lib/pacote
[0.725s] writing list of installed files to '/home/albertomiranda/Documents/github/ponderada4m8/build/pacote/install.log'
[0.740s] Invoked command in '/home/albertomiranda/Documents/github/ponderada4m8/pacote' returned '0': PYTHONPATH=/home/albertomiranda/Documents/github/ponderada4m8/build/pacote/prefix_override:/home/albertomiranda/Documents/github/ponderada4m8/install/pacote/lib/python3.10/site-packages:${PYTHONPATH} /usr/bin/python3 setup.py egg_info --egg-base ../build/pacote build --build-base /home/albertomiranda/Documents/github/ponderada4m8/build/pacote/build install --record /home/albertomiranda/Documents/github/ponderada4m8/build/pacote/install.log --single-version-externally-managed
