[0.298s] DEBUG:colcon:Command line arguments: ['/usr/bin/colcon', 'build']
[0.299s] DEBUG:colcon:Parsed command line arguments: Namespace(log_base=None, log_level=None, verb_name='build', build_base='build', install_base='install', merge_install=False, symlink_install=False, test_result_base=None, continue_on_error=False, executor='parallel', parallel_workers=16, event_handlers=None, ignore_user_meta=False, metas=['./colcon.meta'], base_paths=['.'], packages_ignore=None, packages_ignore_regex=None, paths=None, packages_up_to=None, packages_up_to_regex=None, packages_above=None, packages_above_and_dependencies=None, packages_above_depth=None, packages_select_by_dep=None, packages_skip_by_dep=None, packages_skip_up_to=None, packages_select_build_failed=False, packages_skip_build_finished=False, packages_select_test_failures=False, packages_skip_test_passed=False, packages_select=None, packages_skip=None, packages_select_regex=None, packages_skip_regex=None, packages_start=None, packages_end=None, allow_overriding=[], cmake_args=None, cmake_target=None, cmake_target_skip_unavailable=False, cmake_clean_cache=False, cmake_clean_first=False, cmake_force_configure=False, ament_cmake_args=None, catkin_cmake_args=None, catkin_skip_building_tests=False, verb_parser=<colcon_defaults.argument_parser.defaults.DefaultArgumentsDecorator object at 0x7f8d85a119c0>, verb_extension=<colcon_core.verb.build.BuildVerb object at 0x7f8d86281240>, main=<bound method BuildVerb.main of <colcon_core.verb.build.BuildVerb object at 0x7f8d86281240>>)
[0.317s] Level 1:colcon.colcon_core.package_discovery:discover_packages(colcon_meta) check parameters
[0.317s] Level 1:colcon.colcon_core.package_discovery:discover_packages(recursive) check parameters
[0.317s] Level 1:colcon.colcon_core.package_discovery:discover_packages(ignore) check parameters
[0.317s] Level 1:colcon.colcon_core.package_discovery:discover_packages(path) check parameters
[0.317s] Level 1:colcon.colcon_core.package_discovery:discover_packages(colcon_meta) discover
[0.317s] Level 1:colcon.colcon_core.package_discovery:discover_packages(recursive) discover
[0.317s] INFO:colcon.colcon_core.package_discovery:Crawling recursively for packages in '/home/albertomiranda/Documents/github/ponderada4m8'
[0.317s] Level 1:colcon.colcon_core.package_identification:_identify(.) by extensions ['ignore', 'ignore_ament_install']
[0.317s] Level 1:colcon.colcon_core.package_identification:_identify(.) by extension 'ignore'
[0.317s] Level 1:colcon.colcon_core.package_identification:_identify(.) by extension 'ignore_ament_install'
[0.317s] Level 1:colcon.colcon_core.package_identification:_identify(.) by extensions ['colcon_pkg']
[0.317s] Level 1:colcon.colcon_core.package_identification:_identify(.) by extension 'colcon_pkg'
[0.318s] Level 1:colcon.colcon_core.package_identification:_identify(.) by extensions ['colcon_meta']
[0.318s] Level 1:colcon.colcon_core.package_identification:_identify(.) by extension 'colcon_meta'
[0.318s] Level 1:colcon.colcon_core.package_identification:_identify(.) by extensions ['ros']
[0.318s] Level 1:colcon.colcon_core.package_identification:_identify(.) by extension 'ros'
[0.325s] Level 1:colcon.colcon_core.package_identification:_identify(.) by extensions ['cmake', 'python']
[0.325s] Level 1:colcon.colcon_core.package_identification:_identify(.) by extension 'cmake'
[0.325s] Level 1:colcon.colcon_core.package_identification:_identify(.) by extension 'python'
[0.325s] Level 1:colcon.colcon_core.package_identification:_identify(.) by extensions ['python_setup_py']
[0.325s] Level 1:colcon.colcon_core.package_identification:_identify(.) by extension 'python_setup_py'
[0.325s] Level 1:colcon.colcon_core.package_identification:_identify(build) by extensions ['ignore', 'ignore_ament_install']
[0.326s] Level 1:colcon.colcon_core.package_identification:_identify(build) by extension 'ignore'
[0.326s] Level 1:colcon.colcon_core.package_identification:_identify(build) ignored
[0.326s] Level 1:colcon.colcon_core.package_identification:_identify(install) by extensions ['ignore', 'ignore_ament_install']
[0.326s] Level 1:colcon.colcon_core.package_identification:_identify(install) by extension 'ignore'
[0.326s] Level 1:colcon.colcon_core.package_identification:_identify(install) ignored
[0.326s] Level 1:colcon.colcon_core.package_identification:_identify(log) by extensions ['ignore', 'ignore_ament_install']
[0.326s] Level 1:colcon.colcon_core.package_identification:_identify(log) by extension 'ignore'
[0.326s] Level 1:colcon.colcon_core.package_identification:_identify(log) ignored
[0.326s] Level 1:colcon.colcon_core.package_identification:_identify(pacote) by extensions ['ignore', 'ignore_ament_install']
[0.326s] Level 1:colcon.colcon_core.package_identification:_identify(pacote) by extension 'ignore'
[0.326s] Level 1:colcon.colcon_core.package_identification:_identify(pacote) by extension 'ignore_ament_install'
[0.326s] Level 1:colcon.colcon_core.package_identification:_identify(pacote) by extensions ['colcon_pkg']
[0.326s] Level 1:colcon.colcon_core.package_identification:_identify(pacote) by extension 'colcon_pkg'
[0.326s] Level 1:colcon.colcon_core.package_identification:_identify(pacote) by extensions ['colcon_meta']
[0.326s] Level 1:colcon.colcon_core.package_identification:_identify(pacote) by extension 'colcon_meta'
[0.326s] Level 1:colcon.colcon_core.package_identification:_identify(pacote) by extensions ['ros']
[0.326s] Level 1:colcon.colcon_core.package_identification:_identify(pacote) by extension 'ros'
[0.328s] DEBUG:colcon.colcon_core.package_identification:Package 'pacote' with type 'ros.ament_python' and name 'pacote'
[0.328s] Level 1:colcon.colcon_core.package_discovery:discover_packages(recursive) using defaults
[0.328s] Level 1:colcon.colcon_core.package_discovery:discover_packages(ignore) discover
[0.328s] Level 1:colcon.colcon_core.package_discovery:discover_packages(ignore) using defaults
[0.328s] Level 1:colcon.colcon_core.package_discovery:discover_packages(path) discover
[0.328s] Level 1:colcon.colcon_core.package_discovery:discover_packages(path) using defaults
[0.348s] Level 1:colcon.colcon_core.package_discovery:discover_packages(prefix_path) check parameters
[0.348s] Level 1:colcon.colcon_core.package_discovery:discover_packages(prefix_path) discover
[0.352s] DEBUG:colcon.colcon_installed_package_information.package_discovery:Found 392 installed packages in /opt/ros/humble
[0.353s] Level 1:colcon.colcon_core.package_discovery:discover_packages(prefix_path) using defaults
[0.398s] Level 5:colcon.colcon_core.verb:set package 'pacote' build argument 'cmake_args' from command line to 'None'
[0.398s] Level 5:colcon.colcon_core.verb:set package 'pacote' build argument 'cmake_target' from command line to 'None'
[0.398s] Level 5:colcon.colcon_core.verb:set package 'pacote' build argument 'cmake_target_skip_unavailable' from command line to 'False'
[0.399s] Level 5:colcon.colcon_core.verb:set package 'pacote' build argument 'cmake_clean_cache' from command line to 'False'
[0.399s] Level 5:colcon.colcon_core.verb:set package 'pacote' build argument 'cmake_clean_first' from command line to 'False'
[0.399s] Level 5:colcon.colcon_core.verb:set package 'pacote' build argument 'cmake_force_configure' from command line to 'False'
[0.399s] Level 5:colcon.colcon_core.verb:set package 'pacote' build argument 'ament_cmake_args' from command line to 'None'
[0.399s] Level 5:colcon.colcon_core.verb:set package 'pacote' build argument 'catkin_cmake_args' from command line to 'None'
[0.399s] Level 5:colcon.colcon_core.verb:set package 'pacote' build argument 'catkin_skip_building_tests' from command line to 'False'
[0.399s] DEBUG:colcon.colcon_core.verb:Building package 'pacote' with the following arguments: {'ament_cmake_args': None, 'build_base': '/home/albertomiranda/Documents/github/ponderada4m8/build/pacote', 'catkin_cmake_args': None, 'catkin_skip_building_tests': False, 'cmake_args': None, 'cmake_clean_cache': False, 'cmake_clean_first': False, 'cmake_force_configure': False, 'cmake_target': None, 'cmake_target_skip_unavailable': False, 'install_base': '/home/albertomiranda/Documents/github/ponderada4m8/install/pacote', 'merge_install': False, 'path': '/home/albertomiranda/Documents/github/ponderada4m8/pacote', 'symlink_install': False, 'test_result_base': None}
[0.400s] INFO:colcon.colcon_core.executor:Executing jobs using 'parallel' executor
[0.405s] DEBUG:colcon.colcon_parallel_executor.executor.parallel:run_until_complete
[0.405s] INFO:colcon.colcon_ros.task.ament_python.build:Building ROS package in '/home/albertomiranda/Documents/github/ponderada4m8/pacote' with build type 'ament_python'
[0.406s] Level 1:colcon.colcon_core.shell:create_environment_hook('pacote', 'ament_prefix_path')
[0.410s] INFO:colcon.colcon_core.plugin_system:Skipping extension 'colcon_core.shell.bat': Not used on non-Windows systems
[0.410s] INFO:colcon.colcon_core.shell:Creating environment hook '/home/albertomiranda/Documents/github/ponderada4m8/install/pacote/share/pacote/hook/ament_prefix_path.ps1'
[0.410s] INFO:colcon.colcon_core.shell:Creating environment descriptor '/home/albertomiranda/Documents/github/ponderada4m8/install/pacote/share/pacote/hook/ament_prefix_path.dsv'
[0.411s] INFO:colcon.colcon_core.shell:Creating environment hook '/home/albertomiranda/Documents/github/ponderada4m8/install/pacote/share/pacote/hook/ament_prefix_path.sh'
[0.413s] INFO:colcon.colcon_core.shell:Skip shell extension 'powershell' for command environment: Not usable outside of PowerShell
[0.413s] DEBUG:colcon.colcon_core.shell:Skip shell extension 'dsv' for command environment
[0.645s] INFO:colcon.colcon_core.task.python.build:Building Python package in '/home/albertomiranda/Documents/github/ponderada4m8/pacote'
[0.647s] INFO:colcon.colcon_core.shell:Skip shell extension 'powershell' for command environment: Not usable outside of PowerShell
[0.647s] DEBUG:colcon.colcon_core.shell:Skip shell extension 'dsv' for command environment
[0.968s] DEBUG:colcon.colcon_core.event_handler.log_command:Invoking command in '/home/albertomiranda/Documents/github/ponderada4m8/pacote': PYTHONPATH=/home/albertomiranda/Documents/github/ponderada4m8/build/pacote/prefix_override:/home/albertomiranda/Documents/github/ponderada4m8/install/pacote/lib/python3.10/site-packages:${PYTHONPATH} /usr/bin/python3 setup.py egg_info --egg-base ../build/pacote build --build-base /home/albertomiranda/Documents/github/ponderada4m8/build/pacote/build install --record /home/albertomiranda/Documents/github/ponderada4m8/build/pacote/install.log --single-version-externally-managed
[1.216s] DEBUG:colcon.colcon_core.event_handler.log_command:Invoked command in '/home/albertomiranda/Documents/github/ponderada4m8/pacote' returned '0': PYTHONPATH=/home/albertomiranda/Documents/github/ponderada4m8/build/pacote/prefix_override:/home/albertomiranda/Documents/github/ponderada4m8/install/pacote/lib/python3.10/site-packages:${PYTHONPATH} /usr/bin/python3 setup.py egg_info --egg-base ../build/pacote build --build-base /home/albertomiranda/Documents/github/ponderada4m8/build/pacote/build install --record /home/albertomiranda/Documents/github/ponderada4m8/build/pacote/install.log --single-version-externally-managed
[1.219s] Level 1:colcon.colcon_core.environment:checking '/home/albertomiranda/Documents/github/ponderada4m8/install/pacote' for CMake module files
[1.220s] Level 1:colcon.colcon_core.environment:checking '/home/albertomiranda/Documents/github/ponderada4m8/install/pacote' for CMake config files
[1.220s] Level 1:colcon.colcon_core.environment:checking '/home/albertomiranda/Documents/github/ponderada4m8/install/pacote/lib'
[1.220s] Level 1:colcon.colcon_core.environment:checking '/home/albertomiranda/Documents/github/ponderada4m8/install/pacote/bin'
[1.220s] Level 1:colcon.colcon_core.environment:checking '/home/albertomiranda/Documents/github/ponderada4m8/install/pacote/lib/pkgconfig/pacote.pc'
[1.221s] Level 1:colcon.colcon_core.environment:checking '/home/albertomiranda/Documents/github/ponderada4m8/install/pacote/lib/python3.10/site-packages'
[1.221s] Level 1:colcon.colcon_core.shell:create_environment_hook('pacote', 'pythonpath')
[1.223s] INFO:colcon.colcon_core.shell:Creating environment hook '/home/albertomiranda/Documents/github/ponderada4m8/install/pacote/share/pacote/hook/pythonpath.ps1'
[1.223s] INFO:colcon.colcon_core.shell:Creating environment descriptor '/home/albertomiranda/Documents/github/ponderada4m8/install/pacote/share/pacote/hook/pythonpath.dsv'
[1.223s] INFO:colcon.colcon_core.shell:Creating environment hook '/home/albertomiranda/Documents/github/ponderada4m8/install/pacote/share/pacote/hook/pythonpath.sh'
[1.223s] Level 1:colcon.colcon_core.environment:checking '/home/albertomiranda/Documents/github/ponderada4m8/install/pacote/bin'
[1.224s] Level 1:colcon.colcon_core.environment:create_environment_scripts_only(pacote)
[1.225s] INFO:colcon.colcon_core.shell:Creating package script '/home/albertomiranda/Documents/github/ponderada4m8/install/pacote/share/pacote/package.ps1'
[1.226s] INFO:colcon.colcon_core.shell:Creating package descriptor '/home/albertomiranda/Documents/github/ponderada4m8/install/pacote/share/pacote/package.dsv'
[1.227s] INFO:colcon.colcon_core.shell:Creating package script '/home/albertomiranda/Documents/github/ponderada4m8/install/pacote/share/pacote/package.sh'
[1.227s] INFO:colcon.colcon_core.shell:Creating package script '/home/albertomiranda/Documents/github/ponderada4m8/install/pacote/share/pacote/package.bash'
[1.227s] INFO:colcon.colcon_core.shell:Creating package script '/home/albertomiranda/Documents/github/ponderada4m8/install/pacote/share/pacote/package.zsh'
[1.228s] Level 1:colcon.colcon_core.environment:create_file_with_runtime_dependencies(/home/albertomiranda/Documents/github/ponderada4m8/install/pacote/share/colcon-core/packages/pacote)
[1.228s] DEBUG:colcon.colcon_parallel_executor.executor.parallel:closing loop
[1.228s] DEBUG:colcon.colcon_parallel_executor.executor.parallel:loop closed
[1.228s] DEBUG:colcon.colcon_parallel_executor.executor.parallel:run_until_complete finished with '0'
[1.228s] DEBUG:colcon.colcon_core.event_reactor:joining thread
[1.233s] INFO:colcon.colcon_core.plugin_system:Skipping extension 'colcon_notification.desktop_notification.notify_send': Could not find 'notify-send'
[1.233s] INFO:colcon.colcon_core.plugin_system:Skipping extension 'colcon_notification.desktop_notification.terminal_notifier': Not used on non-Darwin systems
[1.233s] INFO:colcon.colcon_core.plugin_system:Skipping extension 'colcon_notification.desktop_notification.win32': Not used on non-Windows systems
[1.233s] INFO:colcon.colcon_notification.desktop_notification:Sending desktop notification using 'notify2'
[1.246s] DEBUG:colcon.colcon_core.event_reactor:joined thread
[1.248s] INFO:colcon.colcon_core.shell:Creating prefix script '/home/albertomiranda/Documents/github/ponderada4m8/install/local_setup.ps1'
[1.249s] INFO:colcon.colcon_core.shell:Creating prefix util module '/home/albertomiranda/Documents/github/ponderada4m8/install/_local_setup_util_ps1.py'
[1.250s] INFO:colcon.colcon_core.shell:Creating prefix chain script '/home/albertomiranda/Documents/github/ponderada4m8/install/setup.ps1'
[1.251s] INFO:colcon.colcon_core.shell:Creating prefix script '/home/albertomiranda/Documents/github/ponderada4m8/install/local_setup.sh'
[1.251s] INFO:colcon.colcon_core.shell:Creating prefix util module '/home/albertomiranda/Documents/github/ponderada4m8/install/_local_setup_util_sh.py'
[1.252s] INFO:colcon.colcon_core.shell:Creating prefix chain script '/home/albertomiranda/Documents/github/ponderada4m8/install/setup.sh'
[1.253s] INFO:colcon.colcon_core.shell:Creating prefix script '/home/albertomiranda/Documents/github/ponderada4m8/install/local_setup.bash'
[1.253s] INFO:colcon.colcon_core.shell:Creating prefix chain script '/home/albertomiranda/Documents/github/ponderada4m8/install/setup.bash'
[1.254s] INFO:colcon.colcon_core.shell:Creating prefix script '/home/albertomiranda/Documents/github/ponderada4m8/install/local_setup.zsh'
[1.255s] INFO:colcon.colcon_core.shell:Creating prefix chain script '/home/albertomiranda/Documents/github/ponderada4m8/install/setup.zsh'
