[0.554s] Invoking command in '/home/albertomiranda/Documents/github/ponderada4m8/pacote': PYTHONPATH=/home/albertomiranda/Documents/github/ponderada4m8/build/pacote/prefix_override:/home/albertomiranda/Documents/github/ponderada4m8/install/pacote/lib/python3.10/site-packages:${PYTHONPATH} /usr/bin/python3 setup.py egg_info --egg-base ../build/pacote build --build-base /home/albertomiranda/Documents/github/ponderada4m8/build/pacote/build install --record /home/albertomiranda/Documents/github/ponderada4m8/build/pacote/install.log --single-version-externally-managed
[0.758s] running egg_info
[0.758s] creating ../build/pacote/pacote.egg-info
[0.758s] writing ../build/pacote/pacote.egg-info/PKG-INFO
[0.758s] writing dependency_links to ../build/pacote/pacote.egg-info/dependency_links.txt
[0.758s] writing entry points to ../build/pacote/pacote.egg-info/entry_points.txt
[0.758s] writing requirements to ../build/pacote/pacote.egg-info/requires.txt
[0.758s] writing top-level names to ../build/pacote/pacote.egg-info/top_level.txt
[0.758s] writing manifest file '../build/pacote/pacote.egg-info/SOURCES.txt'
[0.760s] reading manifest file '../build/pacote/pacote.egg-info/SOURCES.txt'
[0.760s] writing manifest file '../build/pacote/pacote.egg-info/SOURCES.txt'
[0.760s] running build
[0.760s] running build_py
[0.760s] creating /home/albertomiranda/Documents/github/ponderada4m8/build/pacote/build
[0.760s] creating /home/albertomiranda/Documents/github/ponderada4m8/build/pacote/build/lib
[0.760s] creating /home/albertomiranda/Documents/github/ponderada4m8/build/pacote/build/lib/pacote
[0.760s] copying pacote/chat_bot.py -> /home/albertomiranda/Documents/github/ponderada4m8/build/pacote/build/lib/pacote
[0.760s] copying pacote/__init__.py -> /home/albertomiranda/Documents/github/ponderada4m8/build/pacote/build/lib/pacote
[0.761s] running install
[0.761s] /usr/lib/python3/dist-packages/setuptools/command/install.py:34: SetuptoolsDeprecationWarning: setup.py install is deprecated. Use build and pip and other standards-based tools.
[0.761s]   warnings.warn(
[0.761s] running install_lib
[0.762s] creating /home/albertomiranda/Documents/github/ponderada4m8/install/pacote/lib/python3.10/site-packages/pacote
[0.762s] copying /home/albertomiranda/Documents/github/ponderada4m8/build/pacote/build/lib/pacote/chat_bot.py -> /home/albertomiranda/Documents/github/ponderada4m8/install/pacote/lib/python3.10/site-packages/pacote
[0.762s] copying /home/albertomiranda/Documents/github/ponderada4m8/build/pacote/build/lib/pacote/__init__.py -> /home/albertomiranda/Documents/github/ponderada4m8/install/pacote/lib/python3.10/site-packages/pacote
[0.762s] byte-compiling /home/albertomiranda/Documents/github/ponderada4m8/install/pacote/lib/python3.10/site-packages/pacote/chat_bot.py to chat_bot.cpython-310.pyc
[0.763s] byte-compiling /home/albertomiranda/Documents/github/ponderada4m8/install/pacote/lib/python3.10/site-packages/pacote/__init__.py to __init__.cpython-310.pyc
[0.763s] running install_data
[0.763s] creating /home/albertomiranda/Documents/github/ponderada4m8/install/pacote/share/ament_index
[0.763s] creating /home/albertomiranda/Documents/github/ponderada4m8/install/pacote/share/ament_index/resource_index
[0.763s] creating /home/albertomiranda/Documents/github/ponderada4m8/install/pacote/share/ament_index/resource_index/packages
[0.763s] copying resource/pacote -> /home/albertomiranda/Documents/github/ponderada4m8/install/pacote/share/ament_index/resource_index/packages
[0.763s] copying package.xml -> /home/albertomiranda/Documents/github/ponderada4m8/install/pacote/share/pacote
[0.763s] running install_egg_info
[0.764s] Copying ../build/pacote/pacote.egg-info to /home/albertomiranda/Documents/github/ponderada4m8/install/pacote/lib/python3.10/site-packages/pacote-0.0.0-py3.10.egg-info
[0.765s] running install_scripts
[0.778s] Installing chat_bot script to /home/albertomiranda/Documents/github/ponderada4m8/install/pacote/lib/pacote
[0.779s] writing list of installed files to '/home/albertomiranda/Documents/github/ponderada4m8/build/pacote/install.log'
[0.797s] Invoked command in '/home/albertomiranda/Documents/github/ponderada4m8/pacote' returned '0': PYTHONPATH=/home/albertomiranda/Documents/github/ponderada4m8/build/pacote/prefix_override:/home/albertomiranda/Documents/github/ponderada4m8/install/pacote/lib/python3.10/site-packages:${PYTHONPATH} /usr/bin/python3 setup.py egg_info --egg-base ../build/pacote build --build-base /home/albertomiranda/Documents/github/ponderada4m8/build/pacote/build install --record /home/albertomiranda/Documents/github/ponderada4m8/build/pacote/install.log --single-version-externally-managed
